<?xml version="1.0" encoding="UTF-8"?>
<!-- Generated by org.testng.reporters.JUnitReportReporter -->
<testsuite hostname="QT-INNO-LT1264" failures="0" tests="6" name="runners.TestRunner" time="7.126" errors="0" timestamp="2021-11-26T17:01:07 IST" skipped="0">
  <testcase classname="runners.TestRunner" name="runScenario" time="1.796"/>
  <system-out/>
  <testcase classname="runners.TestRunner" name="runScenario" time="0.919"/>
  <system-out/>
  <testcase classname="runners.TestRunner" name="runScenario" time="0.705"/>
  <system-out/>
  <testcase classname="runners.TestRunner" name="runScenario" time="0.836"/>
  <system-out/>
  <testcase classname="runners.TestRunner" name="runScenario" time="0.782"/>
  <system-out/>
  <testcase classname="runners.TestRunner" name="runScenario" time="2.088"/>
  <system-out/>
</testsuite> <!-- runners.TestRunner -->
