<?xml version="1.0" encoding="UTF-8"?>
<!-- Generated by org.testng.reporters.JUnitReportReporter -->
<testsuite hostname="QT-INNO-LT1264" failures="0" tests="6" name="BlazeAction.Blaze" time="8.326" errors="0" timestamp="2021-11-26T16:30:20 IST" skipped="0">
  <testcase classname="BlazeAction.Blaze" name="callsPostRequesttogetLaptopItem" time="2.225"/>
  <system-out/>
  <testcase classname="BlazeAction.Blaze" name="callsPostRequesttogetphoneItem" time="0.628"/>
  <system-out/>
  <testcase classname="BlazeAction.Blaze" name="loginPage" time="2.028"/>
  <system-out/>
  <testcase classname="BlazeAction.Blaze" name="callsPostRequestToNavigateToNext" time="1.814"/>
  <system-out/>
  <testcase classname="BlazeAction.Blaze" name="launchTheUrl" time="0.884"/>
  <system-out/>
  <testcase classname="BlazeAction.Blaze" name="callsPostRequesttogetMonitorItem" time="0.747"/>
  <system-out/>
</testsuite> <!-- BlazeAction.Blaze -->
